<?xml version="1.0" encoding="UTF-8"?>
<testsuite xmlns:xsi="http://www.w3.org/2001/XMLSchema-instance" xsi:noNamespaceSchemaLocation="https://maven.apache.org/surefire/maven-surefire-plugin/xsd/surefire-test-report-3.0.xsd" version="3.0" name="com.ltnc.auction.server.network.AuctionBroadcasterTest" time="0.037" tests="3" errors="0" skipped="0" failures="0">
  <properties>
[...]
</properties>
  <testcase name="testBroadcasterWithManyListeners" classname="com.ltnc.auction.server.network.AuctionBroadcasterTest" time="0.016"/>
  <testcase name="testBroadcasterPerformance" classname="com.ltnc.auction.server.network.AuctionBroadcasterTest" time="0.002"/>
  <testcase name="testBroadcasterListenerCleanup" classname="com.ltnc.auction.server.network.AuctionBroadcasterTest" time="0.001"/>
</testsuite>